bin\atk-1.0-0.dll
bin\brotlicommon.dll
bin\brotlidec.dll
bin\cairo-2.dll
bin\cairo-gobject-2.dll
bin\croco-0.6-3.dll
bin\epoxy-0.dll
bin\ffi-8.dll
bin\fontconfig-1.dll
bin\freetype.dll
bin\fribidi-0.dll
bin\gdk_pixbuf-2.0-0.dll
bin\gdk-3-vs17.dll
bin\gio-2.0-0.dll
bin\girepository-1.0-1.dll
bin\girepository-2.0-0.dll
bin\glib-2.0-0.dll
bin\gmodule-2.0-0.dll
bin\gobject-2.0-0.dll
bin\gtk-3-vs17.dll
bin\harfbuzz.dll
bin\iconv-2.dll
bin\intl-8.dll
bin\jpeg62.dll
bin\libexpat.dll
bin\libpng16.dll
bin\libxml2.dll
bin\pango-1.0-0.dll
bin\pangocairo-1.0-0.dll
bin\pangoft2-1.0-0.dll
bin\pangowin32-1.0-0.dll
bin\pcre2-8.dll
bin\pixman-1-0.dll
bin\python3.dll
bin\rsvg-2.dll
bin\tiff.dll
etc\fonts\fonts.conf
lib\gdk-pixbuf-2.0\2.10.0\loaders\pixbufloader-svg.dll
share\glib-2.0\schemas\gschemas.compiled
tools\glib\gdbus.exe
tools\glib\gspawn-win32-helper-console.exe
tools\glib\gspawn-win32-helper.exe